[ 2025-08-03 12:17:25,597 ] 41 root - INFO - Start data Ingestion
[ 2025-08-03 12:17:27,517 ] 62 root - INFO - Performed train test split on the dataframe
[ 2025-08-03 12:17:27,517 ] 63 root - INFO - Exited split_data_as_train_test method of Data_Ingestion class
[ 2025-08-03 12:17:27,517 ] 66 root - INFO - Exporting train and test file path.
[ 2025-08-03 12:17:27,578 ] 69 root - INFO - Exported train and test file path.
[ 2025-08-03 12:17:27,578 ] 44 root - INFO - Data Ingestion completed and artifact: DataIngestionArtifact(trained_file_path='Artifacts\\08_03_2025_12_16_44\\data_ingestion\\ingested\\train.csv', test_file_path='Artifacts\\08_03_2025_12_16_44\\data_ingestion\\ingested\\test.csv')
[ 2025-08-03 12:17:27,589 ] 54 root - INFO - Initiate the data Validation
[ 2025-08-03 12:17:27,607 ] 32 root - INFO - Required number of columns:2
[ 2025-08-03 12:17:27,607 ] 33 root - INFO - Data frame has columns:31
[ 2025-08-03 12:17:27,607 ] 32 root - INFO - Required number of columns:2
[ 2025-08-03 12:17:27,607 ] 33 root - INFO - Data frame has columns:31
[ 2025-08-03 12:17:27,733 ] 54 root - INFO - Entered initiate data transformation
[ 2025-08-03 12:17:27,733 ] 56 root - INFO - Starting data transformation
[ 2025-08-03 12:17:27,755 ] 44 root - INFO - Entered get data transformer object method
[ 2025-08-03 12:17:27,755 ] 47 root - INFO - Initialise KNNImputer with {'missing_values': nan, 'n_neighbors': 3, 'weights': 'uniform'}
[ 2025-08-03 12:17:27,764 ] 46 root - INFO - Entered the save_object method of MainUtils class
[ 2025-08-03 12:17:27,767 ] 50 root - INFO - Exited the save_object method of MainUtils class
[ 2025-08-03 12:17:27,767 ] 46 root - INFO - Entered the save_object method of MainUtils class
[ 2025-08-03 12:17:27,769 ] 50 root - INFO - Exited the save_object method of MainUtils class
[ 2025-08-03 12:18:54,187 ] 46 root - INFO - Entered the save_object method of MainUtils class
[ 2025-08-03 12:18:54,188 ] 50 root - INFO - Exited the save_object method of MainUtils class
[ 2025-08-03 12:18:54,188 ] 46 root - INFO - Entered the save_object method of MainUtils class
[ 2025-08-03 12:18:54,236 ] 50 root - INFO - Exited the save_object method of MainUtils class
[ 2025-08-03 12:18:54,236 ] 118 root - INFO - Model trainer artifact: ModelTrainerArtifact(trained_model_file_path='Artifacts\\08_03_2025_12_16_44\\model_trainer\\trained_model\\model.pkl', train_metric_artifact=ClassificationMetricArtifact(f1_score=0.9919142914897918, precision_score=0.9905127169963666, recall_score=0.9933198380566801), test_metric_artifact=ClassificationMetricArtifact(f1_score=0.9723352318958502, precision_score=0.9629331184528606, recall_score=0.9819227608874281))
